05/06/2024:23:23:13 Servidor iniciado y escuchando en el puerto 50051
05/06/2024:23:23:26 Cliente suscrito a topic1 en el hilo 20296
05/06/2024:23:23:29 Cliente suscrito a topic1 en el hilo 23508
05/06/2024:23:23:31 Cliente suscrito a topic1 en el hilo 12016
05/06/2024:23:23:45 Mensaje publicado en topic1: hola
05/06/2024:23:23:45 Mensaje enviado: hola
05/06/2024:23:23:45 Mensaje enviado a suscriptor de topic1: hola
05/06/2024:23:23:45 Mensaje enviado: hola
05/06/2024:23:23:45 Mensaje consumido en el hilo 20296: hola
05/06/2024:23:23:45 Mensaje enviado: hola
05/06/2024:23:23:45 Mensaje consumido en el hilo 23508: hola
05/06/2024:23:23:45 Mensaje consumido en el hilo 12016: hola
05/06/2024:23:24:13 Mensaje publicado en topic1: Probandootrocliente
05/06/2024:23:24:13 Mensaje enviado: Probandootrocliente
05/06/2024:23:24:13 Mensaje enviado a suscriptor de topic1: Probandootrocliente
05/06/2024:23:24:13 Mensaje enviado: Probandootrocliente
05/06/2024:23:24:13 Mensaje consumido en el hilo 20296: Probandootrocliente
05/06/2024:23:24:13 Mensaje enviado: Probandootrocliente
05/06/2024:23:24:13 Mensaje consumido en el hilo 23508: Probandootrocliente
05/06/2024:23:24:13 Mensaje consumido en el hilo 12016: Probandootrocliente
